two-sum-ii-input-array-is-sorted,1723465658,
subsets,1723465658,
longest-increasing-subsequence,1723465658,
reverse-linked-list,1723465658,
sliding-window-maximum,1723465658,
trapping-rain-water,1723465658,
n-ary-tree-postorder-traversal,1723465658,
move-zeroes,1723465658,
longest-increasing-subsequence,1723552225,
linked-list-cycle,1723552225,
sliding-window-maximum,1723552225,
trapping-rain-water,1723552225,
n-ary-tree-preorder-traversal,1723552225,
container-with-most-water,1723552225,
two-sum-ii-input-array-is-sorted,1723552225,
combinations,1723552225,
subsets,1723636901,
add-two-numbers,1723636901,
n-ary-tree-level-order-traversal,1723636901,
remove-duplicates-from-sorted-array,1723636901,
intersection-of-two-linked-lists,1723636901,
combinations,1723722892,
invert-binary-tree,1723722892,
intersection-of-two-linked-lists,1723722892,
top-k-frequent-elements,1723722892,
two-sum-ii-input-array-is-sorted,1723722892,
trapping-rain-water,1723722892,
merge-sorted-array,1723722892,
longest-increasing-subsequence,1723722892,
sliding-window-maximum,1723722892,
merge-two-sorted-lists,1723722892,
move-zeroes,1723813340,
intersection-of-two-linked-lists,1723813340,
top-k-frequent-elements,1723813340,
linked-list-cycle-ii,1723813340,
sliding-window-maximum,1723813340,
two-sum-ii-input-array-is-sorted,1723813340,
subsets,1723813340,
trapping-rain-water,1723813340,
n-ary-tree-postorder-traversal,1723813340,
longest-increasing-subsequence,1723813340,
reverse-linked-list,1723865943,
combinations,1723865943,
n-ary-tree-preorder-traversal,1723865943,
container-with-most-water,1723865943,
intersection-of-two-linked-lists,1723865943,
top-k-frequent-elements,1723865943,
intersection-of-two-linked-lists,1723954228,
top-k-frequent-elements,1723954228,
lowest-common-ancestor-of-a-binary-tree,1723954228,
validate-binary-search-tree,1723954228,
linked-list-cycle,1723954228,
n-ary-tree-level-order-traversal,1723954228,
remove-duplicates-from-sorted-array,1723954228,
sliding-window-maximum,1723954228,
two-sum-ii-input-array-is-sorted,1723954228,
subsets,1723954228,
longest-increasing-subsequence,1723954228,
trapping-rain-water,1723954228,
number-of-islands,1724077414,
sliding-window-maximum,1724077414,
invert-binary-tree,1724077414,
top-k-frequent-elements,1724077414,
two-sum-ii-input-array-is-sorted,1724077414,
trapping-rain-water,1724077414,
lowest-common-ancestor-of-a-binary-tree,1724077414,
validate-binary-search-tree,1724077414,
combinations,1724077414,
longest-increasing-subsequence,1724077414,
add-two-numbers,1724077414,
merge-sorted-array,1724077414,
lowest-common-ancestor-of-a-binary-tree,1724163133,
validate-binary-search-tree,1724163133,
merge-two-sorted-lists,1724163133,
move-zeroes,1724163133,
subsets,1724163133,
n-ary-tree-postorder-traversal,1724163133,
n-ary-tree-preorder-traversal,1724242180,
container-with-most-water,1724242180,
two-sum-ii-input-array-is-sorted,1724242180,
linked-list-cycle-ii,1724242180,
number-of-islands,1724242180,
top-k-frequent-elements,1724242180,
combinations,1724242180,
lowest-common-ancestor-of-a-binary-tree,1724242180,
validate-binary-search-tree,1724242180,
longest-increasing-subsequence,1724242180,
sliding-window-maximum,1724242180,
trapping-rain-water,1724242180,
lowest-common-ancestor-of-a-binary-tree,1724328012,
validate-binary-search-tree,1724328012,
subsets,1724328012,
reverse-linked-list,1724328012,
n-ary-tree-level-order-traversal,1724328012,
remove-duplicates-from-sorted-array,1724328012,
two-sum-ii-input-array-is-sorted,1724414609,
sliding-window-maximum,1724414609,
longest-increasing-subsequence,1724414609,
trapping-rain-water,1724414609,
number-of-islands,1724414609,
lowest-common-ancestor-of-a-binary-tree,1724414609,
validate-binary-search-tree,1724414609,
invert-binary-tree,1724414609,
merge-sorted-array,1724414609,
combinations,1724414609,
linked-list-cycle,1724414609,
top-k-frequent-elements,1724414609,
subsets,1724470826,
move-zeroes,1724470826,
intersection-of-two-linked-lists,1724470826,
n-ary-tree-postorder-traversal,1724470826,
lowest-common-ancestor-of-a-binary-tree,1724470826,
validate-binary-search-tree,1724470826,
two-sum-ii-input-array-is-sorted,1724560271,
longest-increasing-subsequence,1724560271,
combinations,1724560271,
number-of-islands,1724560271,
top-k-frequent-elements,1724560271,
trapping-rain-water,1724560271,
container-with-most-water,1724560271,
add-two-numbers,1724560271,
n-ary-tree-preorder-traversal,1724560271,
sliding-window-maximum,1724560271,
n-ary-tree-level-order-traversal,1724656903,
number-of-islands,1724656903,
merge-two-sorted-lists,1724656903,
sliding-window-maximum,1724656903,
trapping-rain-water,1724656903,
top-k-frequent-elements,1724656903,
two-sum-ii-input-array-is-sorted,1724656903,
longest-increasing-subsequence,1724656903,
remove-duplicates-from-sorted-array,1724656903,
subsets,1724656903,
merge-sorted-array,1724765140,
combinations,1724765140,
longest-increasing-subsequence,1724765140,
linked-list-cycle-ii,1724765140,
sliding-window-maximum,1724765140,
invert-binary-tree,1724765140,
top-k-frequent-elements,1724765140,
number-of-islands,1724765140,
two-sum-ii-input-array-is-sorted,1724765140,
trapping-rain-water,1724765140,
move-zeroes,1724846624,
subsets,1724846624,
n-ary-tree-postorder-traversal,1724846624,
reverse-linked-list,1724846624,
number-of-islands,1724930765,
combinations,1724930765,
linked-list-cycle,1724930765,
sliding-window-maximum,1724930765,
trapping-rain-water,1724930765,
container-with-most-water,1724930765,
two-sum-ii-input-array-is-sorted,1724930765,
longest-increasing-subsequence,1724930765,
top-k-frequent-elements,1724930765,
lowest-common-ancestor-of-a-binary-tree,1724930765,
subsets,1725000409,
intersection-of-two-linked-lists,1725000409,
validate-binary-search-tree,1725000409,
remove-duplicates-from-sorted-array,1725000409,
trapping-rain-water,1725080985,
edit-distance,1725080985,
merge-sorted-array,1725080985,
two-sum-ii-input-array-is-sorted,1725080985,
add-two-numbers,1725080985,
top-k-frequent-elements,1725080985,
number-of-islands,1725080985,
combinations,1725080985,
longest-increasing-subsequence,1725080985,
sliding-window-maximum,1725080985,
n-ary-tree-preorder-traversal,1725080985,
move-zeroes,1725107421,
subsets,1725107421,
merge-two-sorted-lists,1725107421,
n-ary-tree-level-order-traversal,1725107421,
edit-distance,1725107421,
trapping-rain-water,1725177736,
top-k-frequent-elements,1725177736,
two-sum-ii-input-array-is-sorted,1725177736,
longest-increasing-subsequence,1725177736,
linked-list-cycle-ii,1725177736,
edit-distance,1725177736,
two-sum-ii-input-array-is-sorted,1725280226,
longest-increasing-subsequence,1725280226,
trapping-rain-water,1725280226,
number-of-islands,1725280226,
reverse-linked-list,1725280226,
edit-distance,1725280226,
sliding-window-maximum,1725376304,
container-with-most-water,1725376304,
number-of-islands,1725376304,
invert-binary-tree,1725376304,
top-k-frequent-elements,1725376304,
edit-distance,1725376304,
longest-increasing-subsequence,1725449653,
combinations,1725449653,
remove-duplicates-from-sorted-array,1725449653,
edit-distance,1725449653,
linked-list-cycle,1725449653,
n-ary-tree-postorder-traversal,1725449653,
trapping-rain-water,1725541365,
top-k-frequent-elements,1725541365,
subsets,1725541365,
longest-increasing-subsequence,1725541365,
lowest-common-ancestor-of-a-binary-tree,1725541365,
sqrtx,1725541365,
valid-perfect-square,1725541365,
house-robber,1725541365,
number-of-islands,1725624774,
sqrtx,1725624774,
valid-perfect-square,1725624774,
house-robber,1725624774,
combinations,1725624774,
intersection-of-two-linked-lists,1725624774,
validate-binary-search-tree,1725624774,
merge-sorted-array,1725624774,
top-k-frequent-elements,1725685967,
two-sum-ii-input-array-is-sorted,1725685967,
trapping-rain-water,1725685967,
move-zeroes,1725685967,
n-ary-tree-preorder-traversal,1725685967,
house-robber,1725685967,
number-of-islands,1725763440,
sliding-window-maximum,1725763440,
house-robber,1725763440,
edit-distance,1725763440,
subsets,1725763440,
add-two-numbers,1725763440,
trapping-rain-water,1725882436,
n-ary-tree-level-order-traversal,1725882436,
sqrtx,1725882436,
top-k-frequent-elements,1725882436,
longest-substring-without-repeating-characters,1725882436,
best-time-to-buy-and-sell-stock,1725882436,
longest-increasing-subsequence,1725882436,
invert-binary-tree,1725971272,
sliding-window-maximum,1725971272,
container-with-most-water,1725971272,
longest-substring-without-repeating-characters,1725971272,
best-time-to-buy-and-sell-stock,1725971272,
merge-two-sorted-lists,1725971272,
number-of-islands,1725971272,
longest-substring-without-repeating-characters,1726055840,
best-time-to-buy-and-sell-stock,1726055840,
n-ary-tree-postorder-traversal,1726055840,
remove-duplicates-from-sorted-array,1726055840,
valid-perfect-square,1726055840,
top-k-frequent-elements,1726055840,
edit-distance,1726055840,
lowest-common-ancestor-of-a-binary-tree,1726142038,
two-sum-ii-input-array-is-sorted,1726142038,
combinations,1726142038,
trapping-rain-water,1726142038,
merge-sorted-array,1726142038,
longest-substring-without-repeating-characters,1726142038,
best-time-to-buy-and-sell-stock,1726142038,
sliding-window-maximum,1726231197,
top-k-frequent-elements,1726231197,
longest-substring-without-repeating-characters,1726231197,
best-time-to-buy-and-sell-stock,1726231197,
move-zeroes,1726231197,
number-of-islands,1726231197,
sqrtx,1726231197,
subsets,1726381125,
trapping-rain-water,1726381125,
validate-binary-search-tree,1726381125,
longest-substring-without-repeating-characters,1726381125,
best-time-to-buy-and-sell-stock,1726381125,
valid-perfect-square,1726381125,
house-robber,1726381125,
longest-increasing-subsequence,1726551007,
number-of-islands,1726551007,
longest-substring-without-repeating-characters,1726551007,
best-time-to-buy-and-sell-stock,1726551007,
n-ary-tree-preorder-traversal,1726551007,
container-with-most-water,1726551007,
top-k-frequent-elements,1726551007,
trapping-rain-water,1726663970,
two-sum-ii-input-array-is-sorted,1726663970,
linked-list-cycle-ii,1726663970,
n-ary-tree-level-order-traversal,1726663970,
remove-duplicates-from-sorted-array,1726663970,
longest-substring-without-repeating-characters,1726663970,
best-time-to-buy-and-sell-stock,1726663970,
invert-binary-tree,1726747569,
merge-sorted-array,1726747569,
sqrtx,1726747569,
sliding-window-maximum,1726747569,
top-k-frequent-elements,1726747569,
longest-substring-without-repeating-characters,1726747569,
best-time-to-buy-and-sell-stock,1726747569,
combinations,1726890643,
n-ary-tree-postorder-traversal,1726890643,
move-zeroes,1726890643,
longest-substring-without-repeating-characters,1726890643,
best-time-to-buy-and-sell-stock,1726890643,
edit-distance,1726890643,
number-of-islands,1726890643,
valid-perfect-square,1726973933,
house-robber,1726973933,
sliding-window-maximum,1726973933,
container-with-most-water,1726973933,
trapping-rain-water,1726973933,
longest-substring-without-repeating-characters,1726973933,
best-time-to-buy-and-sell-stock,1726973933,
longest-substring-without-repeating-characters,1727091382,
best-time-to-buy-and-sell-stock,1727091382,
lowest-common-ancestor-of-a-binary-tree,1727091382,
remove-duplicates-from-sorted-array,1727091382,
reverse-linked-list,1727091382,
number-of-islands,1727091382,
longest-increasing-subsequence,1727091382,
subsets,1727178471,
trapping-rain-water,1727178471,
top-k-frequent-elements,1727178471,
two-sum-ii-input-array-is-sorted,1727178471,
edit-distance,1727178471,
longest-substring-without-repeating-characters,1727178471,
best-time-to-buy-and-sell-stock,1727178471,
sqrtx,1727265414,
house-robber,1727265414,
number-of-islands,1727265414,
linked-list-cycle,1727265414,
sliding-window-maximum,1727265414,
longest-substring-without-repeating-characters,1727265414,
best-time-to-buy-and-sell-stock,1727265414,
valid-perfect-square,1727362656,
longest-increasing-subsequence,1727362656,
combinations,1727362656,
intersection-of-two-linked-lists,1727362656,
trapping-rain-water,1727362656,
longest-substring-without-repeating-characters,1727362656,
best-time-to-buy-and-sell-stock,1727362656,
edit-distance,1727532940,
merge-sorted-array,1727532940,
top-k-frequent-elements,1727532940,
longest-substring-without-repeating-characters,1727532940,
best-time-to-buy-and-sell-stock,1727532940,
subsets,1727532940,
add-two-numbers,1727532940,
combinations,1727594799,
sliding-window-maximum,1727594799,
validate-binary-search-tree,1727594799,
two-sum-ii-input-array-is-sorted,1727594799,
merge-two-sorted-lists,1727594799,
longest-substring-without-repeating-characters,1727594799,
best-time-to-buy-and-sell-stock,1727594799,
house-robber,1727697796,
longest-substring-without-repeating-characters,1727697796,
best-time-to-buy-and-sell-stock,1727697796,
linked-list-cycle-ii,1727697796,
n-ary-tree-preorder-traversal,1727697796,
move-zeroes,1727697796,
number-of-islands,1727697796,
trapping-rain-water,1727751064,
subsets,1727751064,
longest-increasing-subsequence,1727751064,
reverse-linked-list,1727751064,
longest-substring-without-repeating-characters,1727751064,
best-time-to-buy-and-sell-stock,1727751064,
top-k-frequent-elements,1727751064,
number-of-islands,1727877642,
sqrtx,1727877642,
combinations,1727877642,
edit-distance,1727877642,
linked-list-cycle,1727877642,
longest-substring-without-repeating-characters,1727877642,
best-time-to-buy-and-sell-stock,1727877642,
top-k-frequent-elements,1727999614,
intersection-of-two-linked-lists,1727999614,
sliding-window-maximum,1727999614,
trapping-rain-water,1727999614,
n-ary-tree-level-order-traversal,1727999614,
longest-substring-without-repeating-characters,1727999614,
best-time-to-buy-and-sell-stock,1727999614,
top-k-frequent-elements,1728199564,
number-of-islands,1728199564,
house-robber,1728199564,
sliding-window-maximum,1728199564,
invert-binary-tree,1728199564,
longest-substring-without-repeating-characters,1728199564,
best-time-to-buy-and-sell-stock,1728199564,
trapping-rain-water,1728285086,
n-ary-tree-postorder-traversal,1728285086,
longest-substring-without-repeating-characters,1728285086,
best-time-to-buy-and-sell-stock,1728285086,
add-two-numbers,1728285086,
longest-increasing-subsequence,1728285086,
container-with-most-water,1728285086,
